fuzz2(
  {
    mapA: masksToBitmap(oneMasks.concat(twoMasks), true),
    mapB: masksToBitmap(oneMasks.concat(twoMasks), true),
    a: range(0, 15),
    b: range(0, 15),
    test: tests,
  },
  (vars) => {
    const { a, b, mapA, mapB, test } = vars;
    const program = makeProgram(mapBits(mapA, a), mapBits(mapB, b), vars);
    execute(program, test);
  }
);

VARS:  {
  mapA: { '1': 0, '2': 0, '4': 8, '-8': 1 },
  mapB: { '1': 0, '2': 8, '4': 0, '8': 1 },
  a: 3,
  b: 1,
  test: 'son'
}
MATCHING ONE OFFS
┌─────────┬──────────────────────────────┬─────────────────────────────┬───┬───┬────────────────────┐
│ (index) │             mapA             │            mapB             │ a │ b │        test        │
├─────────┼──────────────────────────────┼─────────────────────────────┼───┼───┼────────────────────┤
│    0    │ '{"1":0,"2":0,"4":8,"-8":1}' │ '{"1":0,"2":8,"4":0,"8":1}' │ 3 │ 9 │ '1001001100101001' │
└─────────┴──────────────────────────────┴─────────────────────────────┴───┴───┴────────────────────┘


VARS:  {
  mapA: { '1': 0, '2': 0, '4': 8, '-8': 1 },
  mapB: { '2': 8, '4': 0, '8': 1, '-1': 0 },
  a: 3,
  b: 1,
  test: 'son'
}
MATCHING ONE OFFS
┌─────────┬──────────────────────────────┬───────────────────────────────┬───┬───┬────────────────────┐
│ (index) │             mapA             │             mapB              │ a │ b │        test        │
├─────────┼──────────────────────────────┼───────────────────────────────┼───┼───┼────────────────────┤
│    0    │ '{"1":0,"2":0,"4":8,"-8":1}' │ '{"2":8,"4":0,"8":1,"-1":0}'  │ 3 │ 9 │ '1001001100101001' │
│    1    │ '{"1":0,"2":0,"4":8,"-8":1}' │ '{"4":0,"8":1,"-1":0,"-2":8}' │ 3 │ 1 │ '1001001100101001' │
└─────────┴──────────────────────────────┴───────────────────────────────┴───┴───┴────────────────────┘


VARS:  {
  mapA: { '1': 0, '2': 0, '4': 8, '-8': 1 },
  mapB: { '1': 0, '4': 0, '8': 1, '-2': 8 },
  a: 3,
  b: 9,
  test: 'son'
}
MATCHING ONE OFFS
┌─────────┬──────────────────────────────┬──────────────────────────────┬───┬───┬────────────────────┐
│ (index) │             mapA             │             mapB             │ a │ b │        test        │
├─────────┼──────────────────────────────┼──────────────────────────────┼───┼───┼────────────────────┤
│    0    │ '{"1":0,"2":0,"4":8,"-8":1}' │ '{"1":0,"4":0,"8":1,"-2":8}' │ 3 │ 1 │ '1001001100101001' │
└─────────┴──────────────────────────────┴──────────────────────────────┴───┴───┴────────────────────┘


VARS:  {
  mapA: { '1': 0, '2': 0, '4': 8, '-8': 1 },
  mapB: { '4': 0, '8': 1, '-1': 0, '-2': 8 },
  a: 3,
  b: 9,
  test: 'son'
}
MATCHING ONE OFFS
┌─────────┬──────────────────────────────┬───────────────────────────────┬───┬───┬────────────────────┐
│ (index) │             mapA             │             mapB              │ a │ b │        test        │
├─────────┼──────────────────────────────┼───────────────────────────────┼───┼───┼────────────────────┤
│    0    │ '{"1":0,"2":0,"4":8,"-8":1}' │ '{"2":8,"4":0,"8":1,"-1":0}'  │ 3 │ 9 │ '1001001100101001' │
│    1    │ '{"1":0,"2":0,"4":8,"-8":1}' │ '{"4":0,"8":1,"-1":0,"-2":8}' │ 3 │ 1 │ '1001001100101001' │
└─────────┴──────────────────────────────┴───────────────────────────────┴───┴───┴────────────────────┘


VARS:  {
  mapA: { '1': 0, '2': 0, '4': 8, '-8': 1 },
  mapB: { '1': 0, '2': 8, '8': 1, '-4': 0 },
  a: 3,
  b: 1,
  test: 'son'
}
MATCHING ONE OFFS
┌─────────┬──────────────────────────────┬──────────────────────────────┬───┬───┬────────────────────┐
│ (index) │             mapA             │             mapB             │ a │ b │        test        │
├─────────┼──────────────────────────────┼──────────────────────────────┼───┼───┼────────────────────┤
│    0    │ '{"1":0,"2":0,"4":8,"-8":1}' │ '{"1":0,"2":8,"8":1,"-4":0}' │ 3 │ 9 │ '1001001100101001' │
└─────────┴──────────────────────────────┴──────────────────────────────┴───┴───┴────────────────────┘


VARS:  {
  mapA: { '1': 0, '2': 0, '4': 8, '-8': 1 },
  mapB: { '2': 8, '8': 1, '-1': 0, '-4': 0 },
  a: 3,
  b: 1,
  test: 'son'
}
MATCHING ONE OFFS
┌─────────┬──────────────────────────────┬───────────────────────────────┬───┬───┬────────────────────┐
│ (index) │             mapA             │             mapB              │ a │ b │        test        │
├─────────┼──────────────────────────────┼───────────────────────────────┼───┼───┼────────────────────┤
│    0    │ '{"1":0,"2":0,"4":8,"-8":1}' │ '{"2":8,"8":1,"-1":0,"-4":0}' │ 3 │ 9 │ '1001001100101001' │
└─────────┴──────────────────────────────┴───────────────────────────────┴───┴───┴────────────────────┘


VARS:  {
  mapA: { '1': 0, '2': 0, '4': 8, '-8': 1 },
  mapB: { '1': 0, '8': 1, '-2': 8, '-4': 0 },
  a: 3,
  b: 9,
  test: 'son'
}
MATCHING ONE OFFS
┌─────────┬──────────────────────────────┬───────────────────────────────┬───┬───┬────────────────────┐
│ (index) │             mapA             │             mapB              │ a │ b │        test        │
├─────────┼──────────────────────────────┼───────────────────────────────┼───┼───┼────────────────────┤
│    0    │ '{"1":0,"2":0,"4":8,"-8":1}' │ '{"1":0,"8":1,"-2":8,"-4":0}' │ 3 │ 1 │ '1001001100101001' │
└─────────┴──────────────────────────────┴───────────────────────────────┴───┴───┴────────────────────┘


VARS:  {
  mapA: { '1': 0, '2': 0, '4': 8, '-8': 1 },
  mapB: { '8': 1, '-1': 0, '-2': 8, '-4': 0 },
  a: 3,
  b: 9,
  test: 'son'
}
MATCHING ONE OFFS
┌─────────┬──────────────────────────────┬────────────────────────────────┬───┬───┬────────────────────┐
│ (index) │             mapA             │              mapB              │ a │ b │        test        │
├─────────┼──────────────────────────────┼────────────────────────────────┼───┼───┼────────────────────┤
│    0    │ '{"1":0,"2":0,"4":8,"-8":1}' │ '{"8":1,"-1":0,"-2":8,"-4":0}' │ 3 │ 1 │ '1001001100101001' │
└─────────┴──────────────────────────────┴────────────────────────────────┴───┴───┴────────────────────┘


VARS:  {
  mapA: { '2': 0, '4': 8, '-1': 0, '-8': 1 },
  mapB: { '1': 0, '2': 8, '4': 0, '8': 1 },
  a: 3,
  b: 1,
  test: 'son'
}
MATCHING ONE OFFS
┌─────────┬───────────────────────────────┬─────────────────────────────┬───┬───┬────────────────────┐
│ (index) │             mapA              │            mapB             │ a │ b │        test        │
├─────────┼───────────────────────────────┼─────────────────────────────┼───┼───┼────────────────────┤
│    0    │ '{"2":0,"4":8,"-1":0,"-8":1}' │ '{"1":0,"2":8,"4":0,"8":1}' │ 3 │ 9 │ '1001001100101001' │
└─────────┴───────────────────────────────┴─────────────────────────────┴───┴───┴────────────────────┘


VARS:  {
  mapA: { '2': 0, '4': 8, '-1': 0, '-8': 1 },
  mapB: { '2': 8, '4': 0, '8': 1, '-1': 0 },
  a: 3,
  b: 1,
  test: 'son'
}
MATCHING ONE OFFS
┌─────────┬───────────────────────────────┬───────────────────────────────┬───┬───┬────────────────────┐
│ (index) │             mapA              │             mapB              │ a │ b │        test        │
├─────────┼───────────────────────────────┼───────────────────────────────┼───┼───┼────────────────────┤
│    0    │ '{"2":0,"4":8,"-1":0,"-8":1}' │ '{"2":8,"4":0,"8":1,"-1":0}'  │ 3 │ 9 │ '1001001100101001' │
│    1    │ '{"2":0,"4":8,"-1":0,"-8":1}' │ '{"4":0,"8":1,"-1":0,"-2":8}' │ 3 │ 1 │ '1001001100101001' │
└─────────┴───────────────────────────────┴───────────────────────────────┴───┴───┴────────────────────┘


VARS:  {
  mapA: { '2': 0, '4': 8, '-1': 0, '-8': 1 },
  mapB: { '1': 0, '4': 0, '8': 1, '-2': 8 },
  a: 3,
  b: 9,
  test: 'son'
}
MATCHING ONE OFFS
┌─────────┬───────────────────────────────┬──────────────────────────────┬───┬───┬────────────────────┐
│ (index) │             mapA              │             mapB             │ a │ b │        test        │
├─────────┼───────────────────────────────┼──────────────────────────────┼───┼───┼────────────────────┤
│    0    │ '{"2":0,"4":8,"-1":0,"-8":1}' │ '{"1":0,"4":0,"8":1,"-2":8}' │ 3 │ 1 │ '1001001100101001' │
└─────────┴───────────────────────────────┴──────────────────────────────┴───┴───┴────────────────────┘


VARS:  {
  mapA: { '2': 0, '4': 8, '-1': 0, '-8': 1 },
  mapB: { '4': 0, '8': 1, '-1': 0, '-2': 8 },
  a: 3,
  b: 9,
  test: 'son'
}
MATCHING ONE OFFS
┌─────────┬───────────────────────────────┬───────────────────────────────┬───┬───┬────────────────────┐
│ (index) │             mapA              │             mapB              │ a │ b │        test        │
├─────────┼───────────────────────────────┼───────────────────────────────┼───┼───┼────────────────────┤
│    0    │ '{"2":0,"4":8,"-1":0,"-8":1}' │ '{"2":8,"4":0,"8":1,"-1":0}'  │ 3 │ 9 │ '1001001100101001' │
│    1    │ '{"2":0,"4":8,"-1":0,"-8":1}' │ '{"4":0,"8":1,"-1":0,"-2":8}' │ 3 │ 1 │ '1001001100101001' │
└─────────┴───────────────────────────────┴───────────────────────────────┴───┴───┴────────────────────┘


VARS:  {
  mapA: { '2': 0, '4': 8, '-1': 0, '-8': 1 },
  mapB: { '1': 0, '2': 8, '8': 1, '-4': 0 },
  a: 3,
  b: 1,
  test: 'son'
}
MATCHING ONE OFFS
┌─────────┬───────────────────────────────┬──────────────────────────────┬───┬───┬────────────────────┐
│ (index) │             mapA              │             mapB             │ a │ b │        test        │
├─────────┼───────────────────────────────┼──────────────────────────────┼───┼───┼────────────────────┤
│    0    │ '{"2":0,"4":8,"-1":0,"-8":1}' │ '{"1":0,"2":8,"8":1,"-4":0}' │ 3 │ 9 │ '1001001100101001' │
└─────────┴───────────────────────────────┴──────────────────────────────┴───┴───┴────────────────────┘


VARS:  {
  mapA: { '2': 0, '4': 8, '-1': 0, '-8': 1 },
  mapB: { '2': 8, '8': 1, '-1': 0, '-4': 0 },
  a: 3,
  b: 1,
  test: 'son'
}
MATCHING ONE OFFS
┌─────────┬───────────────────────────────┬───────────────────────────────┬───┬───┬────────────────────┐
│ (index) │             mapA              │             mapB              │ a │ b │        test        │
├─────────┼───────────────────────────────┼───────────────────────────────┼───┼───┼────────────────────┤
│    0    │ '{"2":0,"4":8,"-1":0,"-8":1}' │ '{"2":8,"8":1,"-1":0,"-4":0}' │ 3 │ 9 │ '1001001100101001' │
└─────────┴───────────────────────────────┴───────────────────────────────┴───┴───┴────────────────────┘


VARS:  {
  mapA: { '2': 0, '4': 8, '-1': 0, '-8': 1 },
  mapB: { '1': 0, '8': 1, '-2': 8, '-4': 0 },
  a: 3,
  b: 9,
  test: 'son'
}
MATCHING ONE OFFS
┌─────────┬───────────────────────────────┬───────────────────────────────┬───┬───┬────────────────────┐
│ (index) │             mapA              │             mapB              │ a │ b │        test        │
├─────────┼───────────────────────────────┼───────────────────────────────┼───┼───┼────────────────────┤
│    0    │ '{"2":0,"4":8,"-1":0,"-8":1}' │ '{"1":0,"8":1,"-2":8,"-4":0}' │ 3 │ 1 │ '1001001100101001' │
└─────────┴───────────────────────────────┴───────────────────────────────┴───┴───┴────────────────────┘


VARS:  {
  mapA: { '2': 0, '4': 8, '-1': 0, '-8': 1 },
  mapB: { '8': 1, '-1': 0, '-2': 8, '-4': 0 },
  a: 3,
  b: 9,
  test: 'son'
}
MATCHING ONE OFFS
┌─────────┬───────────────────────────────┬────────────────────────────────┬───┬───┬────────────────────┐
│ (index) │             mapA              │              mapB              │ a │ b │        test        │
├─────────┼───────────────────────────────┼────────────────────────────────┼───┼───┼────────────────────┤
│    0    │ '{"2":0,"4":8,"-1":0,"-8":1}' │ '{"8":1,"-1":0,"-2":8,"-4":0}' │ 3 │ 1 │ '1001001100101001' │
└─────────┴───────────────────────────────┴────────────────────────────────┴───┴───┴────────────────────┘


VARS:  {
  mapA: { '1': 0, '4': 8, '-2': 0, '-8': 1 },
  mapB: { '1': 0, '2': 8, '4': 0, '8': 1 },
  a: 3,
  b: 1,
  test: 'son'
}
MATCHING ONE OFFS
┌─────────┬───────────────────────────────┬─────────────────────────────┬───┬───┬────────────────────┐
│ (index) │             mapA              │            mapB             │ a │ b │        test        │
├─────────┼───────────────────────────────┼─────────────────────────────┼───┼───┼────────────────────┤
│    0    │ '{"1":0,"4":8,"-2":0,"-8":1}' │ '{"1":0,"2":8,"4":0,"8":1}' │ 3 │ 9 │ '1001001100101001' │
└─────────┴───────────────────────────────┴─────────────────────────────┴───┴───┴────────────────────┘


VARS:  {
  mapA: { '1': 0, '4': 8, '-2': 0, '-8': 1 },
  mapB: { '2': 8, '4': 0, '8': 1, '-1': 0 },
  a: 3,
  b: 1,
  test: 'son'
}
MATCHING ONE OFFS
┌─────────┬───────────────────────────────┬───────────────────────────────┬───┬───┬────────────────────┐
│ (index) │             mapA              │             mapB              │ a │ b │        test        │
├─────────┼───────────────────────────────┼───────────────────────────────┼───┼───┼────────────────────┤
│    0    │ '{"1":0,"4":8,"-2":0,"-8":1}' │ '{"2":8,"4":0,"8":1,"-1":0}'  │ 3 │ 9 │ '1001001100101001' │
│    1    │ '{"1":0,"4":8,"-2":0,"-8":1}' │ '{"4":0,"8":1,"-1":0,"-2":8}' │ 3 │ 1 │ '1001001100101001' │
└─────────┴───────────────────────────────┴───────────────────────────────┴───┴───┴────────────────────┘


VARS:  {
  mapA: { '1': 0, '4': 8, '-2': 0, '-8': 1 },
  mapB: { '1': 0, '4': 0, '8': 1, '-2': 8 },
  a: 3,
  b: 9,
  test: 'son'
}
MATCHING ONE OFFS
┌─────────┬───────────────────────────────┬──────────────────────────────┬───┬───┬────────────────────┐
│ (index) │             mapA              │             mapB             │ a │ b │        test        │
├─────────┼───────────────────────────────┼──────────────────────────────┼───┼───┼────────────────────┤
│    0    │ '{"1":0,"4":8,"-2":0,"-8":1}' │ '{"1":0,"4":0,"8":1,"-2":8}' │ 3 │ 1 │ '1001001100101001' │
└─────────┴───────────────────────────────┴──────────────────────────────┴───┴───┴────────────────────┘


VARS:  {
  mapA: { '1': 0, '4': 8, '-2': 0, '-8': 1 },
  mapB: { '4': 0, '8': 1, '-1': 0, '-2': 8 },
  a: 3,
  b: 9,
  test: 'son'
}
MATCHING ONE OFFS
┌─────────┬───────────────────────────────┬───────────────────────────────┬───┬───┬────────────────────┐
│ (index) │             mapA              │             mapB              │ a │ b │        test        │
├─────────┼───────────────────────────────┼───────────────────────────────┼───┼───┼────────────────────┤
│    0    │ '{"1":0,"4":8,"-2":0,"-8":1}' │ '{"2":8,"4":0,"8":1,"-1":0}'  │ 3 │ 9 │ '1001001100101001' │
│    1    │ '{"1":0,"4":8,"-2":0,"-8":1}' │ '{"4":0,"8":1,"-1":0,"-2":8}' │ 3 │ 1 │ '1001001100101001' │
└─────────┴───────────────────────────────┴───────────────────────────────┴───┴───┴────────────────────┘


VARS:  {
  mapA: { '1': 0, '4': 8, '-2': 0, '-8': 1 },
  mapB: { '1': 0, '2': 8, '8': 1, '-4': 0 },
  a: 3,
  b: 1,
  test: 'son'
}
MATCHING ONE OFFS
┌─────────┬───────────────────────────────┬──────────────────────────────┬───┬───┬────────────────────┐
│ (index) │             mapA              │             mapB             │ a │ b │        test        │
├─────────┼───────────────────────────────┼──────────────────────────────┼───┼───┼────────────────────┤
│    0    │ '{"1":0,"4":8,"-2":0,"-8":1}' │ '{"1":0,"2":8,"8":1,"-4":0}' │ 3 │ 9 │ '1001001100101001' │
└─────────┴───────────────────────────────┴──────────────────────────────┴───┴───┴────────────────────┘


VARS:  {
  mapA: { '1': 0, '4': 8, '-2': 0, '-8': 1 },
  mapB: { '2': 8, '8': 1, '-1': 0, '-4': 0 },
  a: 3,
  b: 1,
  test: 'son'
}
MATCHING ONE OFFS
┌─────────┬───────────────────────────────┬───────────────────────────────┬───┬───┬────────────────────┐
│ (index) │             mapA              │             mapB              │ a │ b │        test        │
├─────────┼───────────────────────────────┼───────────────────────────────┼───┼───┼────────────────────┤
│    0    │ '{"1":0,"4":8,"-2":0,"-8":1}' │ '{"2":8,"8":1,"-1":0,"-4":0}' │ 3 │ 9 │ '1001001100101001' │
└─────────┴───────────────────────────────┴───────────────────────────────┴───┴───┴────────────────────┘


VARS:  {
  mapA: { '1': 0, '4': 8, '-2': 0, '-8': 1 },
  mapB: { '1': 0, '8': 1, '-2': 8, '-4': 0 },
  a: 3,
  b: 9,
  test: 'son'
}
MATCHING ONE OFFS
┌─────────┬───────────────────────────────┬───────────────────────────────┬───┬───┬────────────────────┐
│ (index) │             mapA              │             mapB              │ a │ b │        test        │
├─────────┼───────────────────────────────┼───────────────────────────────┼───┼───┼────────────────────┤
│    0    │ '{"1":0,"4":8,"-2":0,"-8":1}' │ '{"1":0,"8":1,"-2":8,"-4":0}' │ 3 │ 1 │ '1001001100101001' │
└─────────┴───────────────────────────────┴───────────────────────────────┴───┴───┴────────────────────┘


VARS:  {
  mapA: { '1': 0, '4': 8, '-2': 0, '-8': 1 },
  mapB: { '8': 1, '-1': 0, '-2': 8, '-4': 0 },
  a: 3,
  b: 9,
  test: 'son'
}
MATCHING ONE OFFS
┌─────────┬───────────────────────────────┬────────────────────────────────┬───┬───┬────────────────────┐
│ (index) │             mapA              │              mapB              │ a │ b │        test        │
├─────────┼───────────────────────────────┼────────────────────────────────┼───┼───┼────────────────────┤
│    0    │ '{"1":0,"4":8,"-2":0,"-8":1}' │ '{"8":1,"-1":0,"-2":8,"-4":0}' │ 3 │ 1 │ '1001001100101001' │
└─────────┴───────────────────────────────┴────────────────────────────────┴───┴───┴────────────────────┘


VARS:  {
  mapA: { '4': 8, '-1': 0, '-2': 0, '-8': 1 },
  mapB: { '1': 0, '2': 8, '4': 0, '8': 1 },
  a: 3,
  b: 1,
  test: 'son'
}
MATCHING ONE OFFS
┌─────────┬────────────────────────────────┬─────────────────────────────┬───┬───┬────────────────────┐
│ (index) │              mapA              │            mapB             │ a │ b │        test        │
├─────────┼────────────────────────────────┼─────────────────────────────┼───┼───┼────────────────────┤
│    0    │ '{"4":8,"-1":0,"-2":0,"-8":1}' │ '{"1":0,"2":8,"4":0,"8":1}' │ 3 │ 9 │ '1001001100101001' │
└─────────┴────────────────────────────────┴─────────────────────────────┴───┴───┴────────────────────┘


VARS:  {
  mapA: { '4': 8, '-1': 0, '-2': 0, '-8': 1 },
  mapB: { '2': 8, '4': 0, '8': 1, '-1': 0 },
  a: 3,
  b: 1,
  test: 'son'
}
MATCHING ONE OFFS
┌─────────┬────────────────────────────────┬───────────────────────────────┬───┬───┬────────────────────┐
│ (index) │              mapA              │             mapB              │ a │ b │        test        │
├─────────┼────────────────────────────────┼───────────────────────────────┼───┼───┼────────────────────┤
│    0    │ '{"4":8,"-1":0,"-2":0,"-8":1}' │ '{"2":8,"4":0,"8":1,"-1":0}'  │ 3 │ 9 │ '1001001100101001' │
│    1    │ '{"4":8,"-1":0,"-2":0,"-8":1}' │ '{"4":0,"8":1,"-1":0,"-2":8}' │ 3 │ 1 │ '1001001100101001' │
└─────────┴────────────────────────────────┴───────────────────────────────┴───┴───┴────────────────────┘


VARS:  {
  mapA: { '4': 8, '-1': 0, '-2': 0, '-8': 1 },
  mapB: { '1': 0, '4': 0, '8': 1, '-2': 8 },
  a: 3,
  b: 9,
  test: 'son'
}
MATCHING ONE OFFS
┌─────────┬────────────────────────────────┬──────────────────────────────┬───┬───┬────────────────────┐
│ (index) │              mapA              │             mapB             │ a │ b │        test        │
├─────────┼────────────────────────────────┼──────────────────────────────┼───┼───┼────────────────────┤
│    0    │ '{"4":8,"-1":0,"-2":0,"-8":1}' │ '{"1":0,"4":0,"8":1,"-2":8}' │ 3 │ 1 │ '1001001100101001' │
└─────────┴────────────────────────────────┴──────────────────────────────┴───┴───┴────────────────────┘


VARS:  {
  mapA: { '4': 8, '-1': 0, '-2': 0, '-8': 1 },
  mapB: { '4': 0, '8': 1, '-1': 0, '-2': 8 },
  a: 3,
  b: 9,
  test: 'son'
}
MATCHING ONE OFFS
┌─────────┬────────────────────────────────┬───────────────────────────────┬───┬───┬────────────────────┐
│ (index) │              mapA              │             mapB              │ a │ b │        test        │
├─────────┼────────────────────────────────┼───────────────────────────────┼───┼───┼────────────────────┤
│    0    │ '{"4":8,"-1":0,"-2":0,"-8":1}' │ '{"2":8,"4":0,"8":1,"-1":0}'  │ 3 │ 9 │ '1001001100101001' │
│    1    │ '{"4":8,"-1":0,"-2":0,"-8":1}' │ '{"4":0,"8":1,"-1":0,"-2":8}' │ 3 │ 1 │ '1001001100101001' │
└─────────┴────────────────────────────────┴───────────────────────────────┴───┴───┴────────────────────┘


VARS:  {
  mapA: { '4': 8, '-1': 0, '-2': 0, '-8': 1 },
  mapB: { '1': 0, '2': 8, '8': 1, '-4': 0 },
  a: 3,
  b: 1,
  test: 'son'
}
MATCHING ONE OFFS
┌─────────┬────────────────────────────────┬──────────────────────────────┬───┬───┬────────────────────┐
│ (index) │              mapA              │             mapB             │ a │ b │        test        │
├─────────┼────────────────────────────────┼──────────────────────────────┼───┼───┼────────────────────┤
│    0    │ '{"4":8,"-1":0,"-2":0,"-8":1}' │ '{"1":0,"2":8,"8":1,"-4":0}' │ 3 │ 9 │ '1001001100101001' │
└─────────┴────────────────────────────────┴──────────────────────────────┴───┴───┴────────────────────┘


VARS:  {
  mapA: { '4': 8, '-1': 0, '-2': 0, '-8': 1 },
  mapB: { '2': 8, '8': 1, '-1': 0, '-4': 0 },
  a: 3,
  b: 1,
  test: 'son'
}
MATCHING ONE OFFS
┌─────────┬────────────────────────────────┬───────────────────────────────┬───┬───┬────────────────────┐
│ (index) │              mapA              │             mapB              │ a │ b │        test        │
├─────────┼────────────────────────────────┼───────────────────────────────┼───┼───┼────────────────────┤
│    0    │ '{"4":8,"-1":0,"-2":0,"-8":1}' │ '{"2":8,"8":1,"-1":0,"-4":0}' │ 3 │ 9 │ '1001001100101001' │
└─────────┴────────────────────────────────┴───────────────────────────────┴───┴───┴────────────────────┘


VARS:  {
  mapA: { '4': 8, '-1': 0, '-2': 0, '-8': 1 },
  mapB: { '1': 0, '8': 1, '-2': 8, '-4': 0 },
  a: 3,
  b: 9,
  test: 'son'
}
MATCHING ONE OFFS
┌─────────┬────────────────────────────────┬───────────────────────────────┬───┬───┬────────────────────┐
│ (index) │              mapA              │             mapB              │ a │ b │        test        │
├─────────┼────────────────────────────────┼───────────────────────────────┼───┼───┼────────────────────┤
│    0    │ '{"4":8,"-1":0,"-2":0,"-8":1}' │ '{"1":0,"8":1,"-2":8,"-4":0}' │ 3 │ 1 │ '1001001100101001' │
└─────────┴────────────────────────────────┴───────────────────────────────┴───┴───┴────────────────────┘


VARS:  {
  mapA: { '4': 8, '-1': 0, '-2': 0, '-8': 1 },
  mapB: { '8': 1, '-1': 0, '-2': 8, '-4': 0 },
  a: 3,
  b: 9,
  test: 'son'
}
MATCHING ONE OFFS
┌─────────┬────────────────────────────────┬────────────────────────────────┬───┬───┬────────────────────┐
│ (index) │              mapA              │              mapB              │ a │ b │        test        │
├─────────┼────────────────────────────────┼────────────────────────────────┼───┼───┼────────────────────┤
│    0    │ '{"4":8,"-1":0,"-2":0,"-8":1}' │ '{"8":1,"-1":0,"-2":8,"-4":0}' │ 3 │ 1 │ '1001001100101001' │
└─────────┴────────────────────────────────┴────────────────────────────────┴───┴───┴────────────────────┘